#
# A fatal error has been detected by the Java Runtime Environment:
#
#  Internal Error (javaCalls.cpp:51), pid=10208, tid=0x00000000000007b8
#  guarantee(thread->is_Java_thread()) failed: crucial check - the VM thread cannot and must not escape to Java code
#
# JRE version: Java(TM) SE Runtime Environment (8.0_181-b13) (build 1.8.0_181-b13)
# Java VM: Java HotSpot(TM) 64-Bit Server VM (25.181-b13 mixed mode windows-amd64 compressed oops)
# Failed to write core dump. Minidumps are not enabled by default on client versions of Windows
#
# If you would like to submit a bug report, please visit:
#   http://bugreport.java.com/bugreport/crash.jsp
#

---------------  T H R E A D  ---------------

Current thread (0x0000000017627800):  VMThread [stack: 0x00000000186c0000,0x00000000187c0000] [id=1976]

Stack: [0x00000000186c0000,0x00000000187c0000]
[error occurred during error reporting (printing stack bounds), id 0xc0000005]

Native frames: (J=compiled Java code, j=interpreted, Vv=VM code, C=native code)

VM_Operation (0x000000001910f1e0): GetOrSetLocal, mode: safepoint, requested by thread 0x0000000017669000


---------------  P R O C E S S  ---------------

Java Threads: ( => current thread )
  0x000000001942c800 JavaThread "Service Thread" daemon [_thread_blocked, id=8976, stack(0x0000000019a10000,0x0000000019b10000)]
  0x000000001939b800 JavaThread "C1 CompilerThread2" daemon [_thread_blocked, id=4188, stack(0x0000000019910000,0x0000000019a10000)]
  0x0000000019394800 JavaThread "C2 CompilerThread1" daemon [_thread_blocked, id=10408, stack(0x0000000019810000,0x0000000019910000)]
  0x00000000193a2800 JavaThread "C2 CompilerThread0" daemon [_thread_blocked, id=7616, stack(0x0000000019710000,0x0000000019810000)]
  0x0000000017679000 JavaThread "JDWP Command Reader" daemon [_thread_in_native, id=4200, stack(0x0000000019210000,0x0000000019310000)]
  0x0000000017678000 JavaThread "JDWP Event Helper Thread" daemon [_thread_blocked, id=5260, stack(0x0000000019110000,0x0000000019210000)]
  0x0000000017669000 JavaThread "JDWP Transport Listener: dt_socket" daemon [_thread_blocked, id=1292, stack(0x0000000019010000,0x0000000019110000)]
  0x000000001765f800 JavaThread "Attach Listener" daemon [_thread_blocked, id=11100, stack(0x0000000018bd0000,0x0000000018cd0000)]
  0x000000001765c800 JavaThread "Signal Dispatcher" daemon [_thread_blocked, id=13244, stack(0x0000000018ad0000,0x0000000018bd0000)]
  0x000000001764a800 JavaThread "Finalizer" daemon [_thread_blocked, id=7312, stack(0x00000000188c0000,0x00000000189c0000)]
  0x0000000017629000 JavaThread "Reference Handler" daemon [_thread_blocked, id=4268, stack(0x00000000187c0000,0x00000000188c0000)]
  0x00000000029a2800 JavaThread "main" [_thread_blocked, id=12852, stack(0x0000000002640000,0x0000000002740000)]

Other Threads:
=>0x0000000017627800 VMThread [stack: 0x00000000186c0000,0x00000000187c0000] [id=1976]
  0x0000000019478000 WatcherThread [stack: 0x0000000019b10000,0x0000000019c10000] [id=10316]

VM state:at safepoint (normal execution)

VM Mutex/Monitor currently owned by a thread:  ([mutex/lock_event])
[0x000000000299e330] Threads_lock - owner thread: 0x0000000017627800

Heap:
 PSYoungGen      total 38400K, used 26761K [0x00000000d5900000, 0x00000000d8380000, 0x0000000100000000)
  eden space 33280K, 80% used [0x00000000d5900000,0x00000000d7322638,0x00000000d7980000)
  from space 5120K, 0% used [0x00000000d7e80000,0x00000000d7e80000,0x00000000d8380000)
  to   space 5120K, 0% used [0x00000000d7980000,0x00000000d7980000,0x00000000d7e80000)
 ParOldGen       total 87552K, used 0K [0x0000000080a00000, 0x0000000085f80000, 0x00000000d5900000)
  object space 87552K, 0% used [0x0000000080a00000,0x0000000080a00000,0x0000000085f80000)
 Metaspace       used 6256K, capacity 6414K, committed 6656K, reserved 1056768K
  class space    used 648K, capacity 693K, committed 768K, reserved 1048576K

Card table byte_map: [0x0000000011e60000,0x0000000012260000] byte_map_base: 0x0000000011a5b000

Marking Bits: (ParMarkBitMap*) 0x0000000069432d00
 Begin Bits: [0x0000000012910000, 0x00000000148e8000)
 End Bits:   [0x00000000148e8000, 0x00000000168c0000)

Polling page: 0x0000000000a10000

CodeCache: size=245760Kb used=3330Kb max_used=3330Kb free=242429Kb
 bounds [0x0000000002aa0000, 0x0000000002df0000, 0x0000000011aa0000]
 total_blobs=949 nmethods=636 adapters=234
 compilation: enabled

Compilation events (10 events):
Event: 1956.384 Thread 0x000000001939b800  632       3       Metodos.NoArv::setDir (6 bytes)
Event: 1956.384 Thread 0x000000001939b800 nmethod 632 0x0000000002ddf350 code [0x0000000002ddf4a0, 0x0000000002ddf610]
Event: 1956.385 Thread 0x000000001939b800  633       3       Metodos.ABB::inserir (42 bytes)
Event: 1956.385 Thread 0x000000001939b800 nmethod 633 0x0000000002de1e50 code [0x0000000002de1fe0, 0x0000000002de2368]
Event: 1956.385 Thread 0x000000001939b800  634       3       Metodos.ABB::pesquisar (14 bytes)
Event: 1956.385 Thread 0x000000001939b800 nmethod 634 0x0000000002de2490 code [0x0000000002de2600, 0x0000000002de27c8]
Event: 1956.387 Thread 0x000000001939b800  636       3       Metodos.ABB::FazCamCentral (82 bytes)
Event: 1956.388 Thread 0x000000001939b800 nmethod 636 0x0000000002de2850 code [0x0000000002de2a20, 0x0000000002de3138]
Event: 1956.388 Thread 0x000000001939b800  635       1       Metodos.NoArv::getNoRepetido (5 bytes)
Event: 1956.388 Thread 0x000000001939b800 nmethod 635 0x0000000002ddf050 code [0x0000000002ddf1a0, 0x0000000002ddf2b0]

GC Heap History (0 events):
No events

Deoptimization events (3 events):
Event: 0.663 Thread 0x00000000029a2800 Uncommon trap: reason=class_check action=maybe_recompile pc=0x0000000002ca43a8 method=java.util.regex.Pattern$CharProperty.match(Ljava/util/regex/Matcher;ILjava/lang/CharSequence;)Z @ 37
Event: 0.741 Thread 0x00000000029a2800 Uncommon trap: reason=class_check action=maybe_recompile pc=0x0000000002ca43a8 method=java.util.regex.Pattern$CharProperty.match(Ljava/util/regex/Matcher;ILjava/lang/CharSequence;)Z @ 37
Event: 0.792 Thread 0x00000000029a2800 Uncommon trap: reason=class_check action=maybe_recompile pc=0x0000000002ca43a8 method=java.util.regex.Pattern$CharProperty.match(Ljava/util/regex/Matcher;ILjava/lang/CharSequence;)Z @ 37

Classes redefined (4 events):
Event: 1160.927 Thread 0x0000000017627800 redefined class name=Programa.Principal, count=1
Event: 1658.862 Thread 0x0000000017627800 redefined class name=Programa.Principal, count=2
Event: 1928.022 Thread 0x0000000017627800 redefined class name=Metodos.ABB, count=1
Event: 1928.024 Thread 0x0000000017627800 redefined class name=Programa.Principal, count=3

Internal exceptions (6 events):
Event: 0.042 Thread 0x00000000029a2800 Exception <a 'java/lang/NoSuchMethodError': Method sun.misc.Unsafe.defineClass(Ljava/lang/String;[BII)Ljava/lang/Class; name or signature does not match> (0x00000000d5907cb0) thrown at [C:\re\workspace\8-2-build-windows-amd64-cygwin\jdk8u181\11358\hotspot
Event: 0.042 Thread 0x00000000029a2800 Exception <a 'java/lang/NoSuchMethodError': Method sun.misc.Unsafe.prefetchRead(Ljava/lang/Object;J)V name or signature does not match> (0x00000000d5907f98) thrown at [C:\re\workspace\8-2-build-windows-amd64-cygwin\jdk8u181\11358\hotspot\src\share\vm\prim
Event: 0.542 Thread 0x00000000029a2800 Exception <a 'java/security/PrivilegedActionException'> (0x00000000d5f126b8) thrown at [C:\re\workspace\8-2-build-windows-amd64-cygwin\jdk8u181\11358\hotspot\src\share\vm\prims\jvm.cpp, line 1435]
Event: 0.542 Thread 0x00000000029a2800 Exception <a 'java/security/PrivilegedActionException'> (0x00000000d5f12ab0) thrown at [C:\re\workspace\8-2-build-windows-amd64-cygwin\jdk8u181\11358\hotspot\src\share\vm\prims\jvm.cpp, line 1435]
Event: 0.543 Thread 0x00000000029a2800 Exception <a 'java/security/PrivilegedActionException'> (0x00000000d5f16908) thrown at [C:\re\workspace\8-2-build-windows-amd64-cygwin\jdk8u181\11358\hotspot\src\share\vm\prims\jvm.cpp, line 1435]
Event: 0.543 Thread 0x00000000029a2800 Exception <a 'java/security/PrivilegedActionException'> (0x00000000d5f16d00) thrown at [C:\re\workspace\8-2-build-windows-amd64-cygwin\jdk8u181\11358\hotspot\src\share\vm\prims\jvm.cpp, line 1435]

Events (10 events):
Event: 1956.397 Executing VM operation: GetCurrentContendedMonitor done
Event: 1956.398 Executing VM operation: GetOwnedMonitorInfo
Event: 1956.398 Executing VM operation: GetOwnedMonitorInfo done
Event: 1956.398 Executing VM operation: GetCurrentContendedMonitor
Event: 1956.398 Executing VM operation: GetCurrentContendedMonitor done
Event: 1956.399 Executing VM operation: GetCurrentContendedMonitor
Event: 1956.399 Executing VM operation: GetCurrentContendedMonitor done
Event: 1956.399 Executing VM operation: GetOwnedMonitorInfo
Event: 1956.399 Executing VM operation: GetOwnedMonitorInfo done
Event: 1956.804 Executing VM operation: GetOrSetLocal


Dynamic libraries:
0x00007ff657420000 - 0x00007ff657457000 	C:\Program Files\Java\jre1.8.0_181\bin\javaw.exe
0x00007ffb8b700000 - 0x00007ffb8b8e1000 	C:\WINDOWS\SYSTEM32\ntdll.dll
0x00007ffb8a7e0000 - 0x00007ffb8a892000 	C:\WINDOWS\System32\KERNEL32.DLL
0x00007ffb88910000 - 0x00007ffb88b83000 	C:\WINDOWS\System32\KERNELBASE.dll
0x00007ffb8ae10000 - 0x00007ffb8aeb1000 	C:\WINDOWS\System32\ADVAPI32.dll
0x00007ffb88e10000 - 0x00007ffb88eae000 	C:\WINDOWS\System32\msvcrt.dll
0x00007ffb88b90000 - 0x00007ffb88beb000 	C:\WINDOWS\System32\sechost.dll
0x00007ffb8aa80000 - 0x00007ffb8aba4000 	C:\WINDOWS\System32\RPCRT4.dll
0x00007ffb8b4a0000 - 0x00007ffb8b630000 	C:\WINDOWS\System32\USER32.dll
0x00007ffb87d50000 - 0x00007ffb87d70000 	C:\WINDOWS\System32\win32u.dll
0x00007ffb8ad50000 - 0x00007ffb8ad78000 	C:\WINDOWS\System32\GDI32.dll
0x00007ffb88530000 - 0x00007ffb886c2000 	C:\WINDOWS\System32\gdi32full.dll
0x00007ffb87c30000 - 0x00007ffb87ccf000 	C:\WINDOWS\System32\msvcp_win.dll
0x00007ffb87ad0000 - 0x00007ffb87bca000 	C:\WINDOWS\System32\ucrtbase.dll
0x00007ffb7a6e0000 - 0x00007ffb7a949000 	C:\WINDOWS\WinSxS\amd64_microsoft.windows.common-controls_6595b64144ccf1df_6.0.17134.345_none_fb429a5930656358\COMCTL32.dll
0x00007ffb88f30000 - 0x00007ffb89253000 	C:\WINDOWS\System32\combase.dll
0x00007ffb87cd0000 - 0x00007ffb87d4a000 	C:\WINDOWS\System32\bcryptPrimitives.dll
0x00007ffb8ad80000 - 0x00007ffb8adad000 	C:\WINDOWS\System32\IMM32.DLL
0x0000000068a40000 - 0x0000000068b12000 	C:\Program Files\Java\jre1.8.0_181\bin\msvcr100.dll
0x0000000068c10000 - 0x00000000694b2000 	C:\Program Files\Java\jre1.8.0_181\bin\server\jvm.dll
0x00007ffb8aa70000 - 0x00007ffb8aa78000 	C:\WINDOWS\System32\PSAPI.DLL
0x00007ffb85d60000 - 0x00007ffb85d69000 	C:\WINDOWS\SYSTEM32\WSOCK32.dll
0x00007ffb84500000 - 0x00007ffb8450a000 	C:\WINDOWS\SYSTEM32\VERSION.dll
0x00007ffb85680000 - 0x00007ffb856a3000 	C:\WINDOWS\SYSTEM32\WINMM.dll
0x00007ffb8aa00000 - 0x00007ffb8aa6c000 	C:\WINDOWS\System32\WS2_32.dll
0x00007ffb85600000 - 0x00007ffb8562a000 	C:\WINDOWS\SYSTEM32\WINMMBASE.dll
0x00007ffb888c0000 - 0x00007ffb88909000 	C:\WINDOWS\System32\cfgmgr32.dll
0x0000000068c00000 - 0x0000000068c0f000 	C:\Program Files\Java\jre1.8.0_181\bin\verify.dll
0x0000000068bd0000 - 0x0000000068bf9000 	C:\Program Files\Java\jre1.8.0_181\bin\java.dll
0x0000000068a00000 - 0x0000000068a35000 	C:\Program Files\Java\jre1.8.0_181\bin\jdwp.dll
0x00000000689f0000 - 0x00000000689f8000 	C:\Program Files\Java\jre1.8.0_181\bin\npt.dll
0x00000000689c0000 - 0x00000000689e3000 	C:\Program Files\Java\jre1.8.0_181\bin\instrument.dll
0x0000000068bb0000 - 0x0000000068bc6000 	C:\Program Files\Java\jre1.8.0_181\bin\zip.dll
0x00007ffb893a0000 - 0x00007ffb8a7df000 	C:\WINDOWS\System32\SHELL32.dll
0x00007ffb88ce0000 - 0x00007ffb88d89000 	C:\WINDOWS\System32\shcore.dll
0x00007ffb87e20000 - 0x00007ffb8852d000 	C:\WINDOWS\System32\windows.storage.dll
0x00007ffb89330000 - 0x00007ffb89381000 	C:\WINDOWS\System32\shlwapi.dll
0x00007ffb87a90000 - 0x00007ffb87aa1000 	C:\WINDOWS\System32\kernel.appcore.dll
0x00007ffb87a20000 - 0x00007ffb87a3f000 	C:\WINDOWS\System32\profapi.dll
0x00007ffb87a40000 - 0x00007ffb87a8c000 	C:\WINDOWS\System32\powrprof.dll
0x00007ffb87a10000 - 0x00007ffb87a1a000 	C:\WINDOWS\System32\FLTLIB.DLL
0x00000000689b0000 - 0x00000000689b9000 	C:\Program Files\Java\jre1.8.0_181\bin\dt_socket.dll
0x00007ffb780e0000 - 0x00007ffb780f6000 	C:\WINDOWS\system32\napinsp.dll
0x00007ffb77750000 - 0x00007ffb7776a000 	C:\WINDOWS\system32\pnrpnsp.dll
0x00007ffb84270000 - 0x00007ffb84289000 	C:\WINDOWS\system32\NLAapi.dll
0x00007ffb87230000 - 0x00007ffb87296000 	C:\WINDOWS\System32\mswsock.dll
0x00007ffb86ff0000 - 0x00007ffb870ae000 	C:\WINDOWS\SYSTEM32\DNSAPI.dll
0x00007ffb89390000 - 0x00007ffb89398000 	C:\WINDOWS\System32\NSI.dll
0x00007ffb86fb0000 - 0x00007ffb86fe8000 	C:\WINDOWS\SYSTEM32\IPHLPAPI.DLL
0x00007ffb80bc0000 - 0x00007ffb80bce000 	C:\WINDOWS\System32\winrnr.dll
0x00007ffb7ff30000 - 0x00007ffb7ffa2000 	C:\WINDOWS\System32\fwpuclnt.dll
0x00007ffb87570000 - 0x00007ffb87595000 	C:\WINDOWS\SYSTEM32\bcrypt.dll
0x00007ffb7e4a0000 - 0x00007ffb7e4aa000 	C:\Windows\System32\rasadhlp.dll
0x0000000068b90000 - 0x0000000068baa000 	C:\Program Files\Java\jre1.8.0_181\bin\net.dll
0x0000000068b70000 - 0x0000000068b81000 	C:\Program Files\Java\jre1.8.0_181\bin\nio.dll

VM Arguments:
jvm_args: -agentlib:jdwp=transport=dt_socket,suspend=y,address=localhost:61404 -javaagent:C:\Users\Thiago\eclipse\java-latest-released\eclipse\configuration\org.eclipse.osgi\1166\0\.cp\lib\javaagent-shaded.jar -Dfile.encoding=Cp1252 
java_command: Programa.Principal
java_class_path (initial): C:\Users\Thiago\Desktop\TrabalhoPO\trabalhopo\bin;C:\Users\Thiago\eclipse\java-latest-released\eclipse\configuration\org.eclipse.osgi\1166\0\.cp\lib\javaagent-shaded.jar
Launcher Type: SUN_STANDARD

Environment Variables:
PATH=C:/Program Files/Java/jre1.8.0_181/bin/server;C:/Program Files/Java/jre1.8.0_181/bin;C:/Program Files/Java/jre1.8.0_181/lib/amd64;C:\Program Files (x86)\Common Files\Oracle\Java\javapath;C:\ProgramData\Oracle\Java\javapath;C:\Windows\system32;C:\Windows;C:\Windows\System32\Wbem;C:\Windows\System32\WindowsPowerShell\v1.0\;C:\Program Files (x86)\NVIDIA Corporation\PhysX\Common;C:\Program Files\Microsoft SQL Server\130\Tools\Binn\;C:\Program Files\dotnet\;C:\WINDOWS\system32;C:\WINDOWS;C:\WINDOWS\System32\Wbem;C:\WINDOWS\System32\WindowsPowerShell\v1.0\;C:\Program Files\Microsoft SQL Server\Client SDK\ODBC\110\Tools\Binn\;C:\Program Files (x86)\Microsoft SQL Server\120\Tools\Binn\;C:\Program Files\Microsoft SQL Server\120\Tools\Binn\;C:\Program Files\Microsoft SQL Server\120\DTS\Binn\;C:\Program Files (x86)\Microsoft SQL Server\120\Tools\Binn\ManagementStudio\;C:\Program Files (x86)\Microsoft SQL Server\120\DTS\Binn\;C:\Program Files (x86)\GtkSharp\2.12\bin;C:\WINDOWS\System32\OpenSSH\;C:\Program Files\Git\cmd;C:\Users\Thiago\AppData\Local\Microsoft\WindowsApps;;C:\Users\Thiago\AppData\Local\Programs\Microsoft VS Code\bin;C:\Users\Thiago\Desktop;
USERNAME=Thiago
OS=Windows_NT
PROCESSOR_IDENTIFIER=Intel64 Family 6 Model 58 Stepping 9, GenuineIntel



---------------  S Y S T E M  ---------------

OS: Windows 10.0 , 64 bit Build 17134 (10.0.17134.1)

CPU:total 4 (initial active 4) (4 cores per cpu, 1 threads per core) family 6 model 58 stepping 9, cmov, cx8, fxsr, mmx, sse, sse2, sse3, ssse3, sse4.1, sse4.2, popcnt, avx, aes, clmul, erms, tsc, tscinvbit, tscinv

Memory: 4k page, physical 8339896k(4383004k free), swap 12986312k(7079444k free)

vm_info: Java HotSpot(TM) 64-Bit Server VM (25.181-b13) for windows-amd64 JRE (1.8.0_181-b13), built on Jul  7 2018 04:01:33 by "java_re" with MS VC++ 10.0 (VS2010)

time: Sat Nov 10 22:43:44 2018
elapsed time: 1956 seconds (0d 0h 32m 36s)

